<?xml version="1.0" encoding="UTF-8"?><testsuite errors="0" failures="0" name="com.bestbuy.bestbuyinfo.StoreTagsTest" skipped="0" tests="2" time="4.22" timestamp="2023-06-04T12:41:07.608+01:00[Europe/London]"><testcase classname="com.bestbuy.bestbuyinfo.StoreTagsTest" name="This test will verify if a status code of 200 is returned for GET request"/><testcase classname="com.bestbuy.bestbuyinfo.StoreTagsTest" name="This test will provide an error code of 400 when user tries to access an invalid resource"/></testsuite>